{"C:\\Users\\Meg\\Team-8-CISC275-Final-Project\\src\\App.tsx": {"path":"C:\\Users\\Meg\\Team-8-CISC275-Final-Project\\src\\App.tsx","statementMap":{"0":{"start":{"line":14,"column":4},"end":{"line":34,"column":6}}},"fnMap":{"0":{"name":"App","decl":{"start":{"line":11,"column":9},"end":{"line":11,"column":12}},"loc":{"start":{"line":11,"column":28},"end":{"line":35,"column":1}},"line":11}},"branchMap":{},"s":{"0":0},"f":{"0":0},"b":{}}
,"C:\\Users\\Meg\\Team-8-CISC275-Final-Project\\src\\components\\AdminList.tsx": {"path":"C:\\Users\\Meg\\Team-8-CISC275-Final-Project\\src\\components\\AdminList.tsx","statementMap":{"0":{"start":{"line":18,"column":35},"end":{"line":426,"column":1}},"1":{"start":{"line":19,"column":30},"end":{"line":27,"column":5}},"2":{"start":{"line":29,"column":42},"end":{"line":36,"column":6}},"3":{"start":{"line":30,"column":29},"end":{"line":30,"column":64}},"4":{"start":{"line":31,"column":8},"end":{"line":35,"column":9}},"5":{"start":{"line":32,"column":12},"end":{"line":32,"column":44}},"6":{"start":{"line":34,"column":12},"end":{"line":34,"column":32}},"7":{"start":{"line":38,"column":38},"end":{"line":45,"column":6}},"8":{"start":{"line":39,"column":32},"end":{"line":39,"column":65}},"9":{"start":{"line":40,"column":8},"end":{"line":44,"column":9}},"10":{"start":{"line":41,"column":12},"end":{"line":41,"column":47}},"11":{"start":{"line":43,"column":12},"end":{"line":43,"column":27}},"12":{"start":{"line":46,"column":4},"end":{"line":48,"column":29}},"13":{"start":{"line":47,"column":8},"end":{"line":47,"column":60}},"14":{"start":{"line":50,"column":4},"end":{"line":52,"column":22}},"15":{"start":{"line":51,"column":8},"end":{"line":51,"column":73}},"16":{"start":{"line":54,"column":4},"end":{"line":56,"column":20}},"17":{"start":{"line":55,"column":8},"end":{"line":55,"column":69}},"18":{"start":{"line":60,"column":41},"end":{"line":60,"column":68}},"19":{"start":{"line":61,"column":33},"end":{"line":61,"column":70}},"20":{"start":{"line":62,"column":33},"end":{"line":62,"column":70}},"21":{"start":{"line":63,"column":38},"end":{"line":63,"column":58}},"22":{"start":{"line":64,"column":45},"end":{"line":66,"column":5}},"23":{"start":{"line":67,"column":52},"end":{"line":69,"column":5}},"24":{"start":{"line":70,"column":31},"end":{"line":70,"column":69}},"25":{"start":{"line":71,"column":33},"end":{"line":71,"column":72}},"26":{"start":{"line":74,"column":25},"end":{"line":74,"column":50}},"27":{"start":{"line":75,"column":8},"end":{"line":75,"column":29}},"28":{"start":{"line":79,"column":26},"end":{"line":79,"column":51}},"29":{"start":{"line":80,"column":8},"end":{"line":80,"column":31}},"30":{"start":{"line":84,"column":8},"end":{"line":84,"column":34}},"31":{"start":{"line":121,"column":26},"end":{"line":121,"column":37}},"32":{"start":{"line":122,"column":27},"end":{"line":124,"column":9}},"33":{"start":{"line":123,"column":39},"end":{"line":123,"column":64}},"34":{"start":{"line":126,"column":33},"end":{"line":126,"column":47}},"35":{"start":{"line":127,"column":8},"end":{"line":127,"column":56}},"36":{"start":{"line":128,"column":8},"end":{"line":128,"column":39}},"37":{"start":{"line":130,"column":8},"end":{"line":137,"column":9}},"38":{"start":{"line":131,"column":34},"end":{"line":131,"column":57}},"39":{"start":{"line":132,"column":12},"end":{"line":132,"column":39}},"40":{"start":{"line":133,"column":12},"end":{"line":133,"column":45}},"41":{"start":{"line":135,"column":12},"end":{"line":135,"column":36}},"42":{"start":{"line":136,"column":12},"end":{"line":136,"column":42}},"43":{"start":{"line":140,"column":4},"end":{"line":155,"column":37}},"44":{"start":{"line":141,"column":27},"end":{"line":141,"column":75}},"45":{"start":{"line":141,"column":70},"end":{"line":141,"column":74}},"46":{"start":{"line":142,"column":8},"end":{"line":154,"column":9}},"47":{"start":{"line":143,"column":32},"end":{"line":145,"column":13}},"48":{"start":{"line":144,"column":44},"end":{"line":144,"column":48}},"49":{"start":{"line":146,"column":12},"end":{"line":146,"column":56}},"50":{"start":{"line":147,"column":12},"end":{"line":147,"column":50}},"51":{"start":{"line":148,"column":12},"end":{"line":148,"column":56}},"52":{"start":{"line":149,"column":12},"end":{"line":149,"column":56}},"53":{"start":{"line":150,"column":12},"end":{"line":150,"column":68}},"54":{"start":{"line":151,"column":12},"end":{"line":151,"column":75}},"55":{"start":{"line":152,"column":12},"end":{"line":152,"column":54}},"56":{"start":{"line":153,"column":12},"end":{"line":153,"column":56}},"57":{"start":{"line":157,"column":4},"end":{"line":167,"column":66}},"58":{"start":{"line":158,"column":8},"end":{"line":166,"column":11}},"59":{"start":{"line":169,"column":4},"end":{"line":181,"column":24}},"60":{"start":{"line":170,"column":27},"end":{"line":170,"column":75}},"61":{"start":{"line":170,"column":70},"end":{"line":170,"column":74}},"62":{"start":{"line":171,"column":8},"end":{"line":180,"column":9}},"63":{"start":{"line":172,"column":32},"end":{"line":174,"column":13}},"64":{"start":{"line":173,"column":44},"end":{"line":173,"column":48}},"65":{"start":{"line":175,"column":12},"end":{"line":179,"column":15}},"66":{"start":{"line":184,"column":27},"end":{"line":186,"column":18}},"67":{"start":{"line":187,"column":8},"end":{"line":187,"column":46}},"68":{"start":{"line":188,"column":27},"end":{"line":190,"column":9}},"69":{"start":{"line":189,"column":39},"end":{"line":189,"column":71}},"70":{"start":{"line":191,"column":8},"end":{"line":191,"column":32}},"71":{"start":{"line":192,"column":8},"end":{"line":199,"column":9}},"72":{"start":{"line":193,"column":12},"end":{"line":193,"column":57}},"73":{"start":{"line":194,"column":12},"end":{"line":194,"column":48}},"74":{"start":{"line":195,"column":12},"end":{"line":198,"column":14}},"75":{"start":{"line":203,"column":8},"end":{"line":205,"column":10}},"76":{"start":{"line":204,"column":52},"end":{"line":204,"column":78}},"77":{"start":{"line":206,"column":8},"end":{"line":213,"column":10}},"78":{"start":{"line":210,"column":36},"end":{"line":210,"column":62}},"79":{"start":{"line":217,"column":8},"end":{"line":217,"column":27}},"80":{"start":{"line":222,"column":27},"end":{"line":224,"column":9}},"81":{"start":{"line":223,"column":23},"end":{"line":223,"column":48}},"82":{"start":{"line":225,"column":8},"end":{"line":225,"column":31}},"83":{"start":{"line":227,"column":8},"end":{"line":234,"column":9}},"84":{"start":{"line":229,"column":34},"end":{"line":229,"column":49}},"85":{"start":{"line":230,"column":12},"end":{"line":230,"column":53}},"86":{"start":{"line":233,"column":12},"end":{"line":233,"column":41}},"87":{"start":{"line":237,"column":4},"end":{"line":425,"column":6}},"88":{"start":{"line":250,"column":20},"end":{"line":421,"column":26}},"89":{"start":{"line":288,"column":52},"end":{"line":290,"column":53}},"90":{"start":{"line":313,"column":32},"end":{"line":332,"column":40}},"91":{"start":{"line":322,"column":56},"end":{"line":322,"column":60}},"92":{"start":{"line":328,"column":48},"end":{"line":328,"column":71}},"93":{"start":{"line":344,"column":44},"end":{"line":344,"column":71}},"94":{"start":{"line":359,"column":44},"end":{"line":359,"column":71}},"95":{"start":{"line":374,"column":44},"end":{"line":374,"column":77}},"96":{"start":{"line":389,"column":44},"end":{"line":389,"column":80}}},"fnMap":{"0":{"name":"(anonymous_0)","decl":{"start":{"line":18,"column":35},"end":{"line":18,"column":36}},"loc":{"start":{"line":18,"column":70},"end":{"line":426,"column":1}},"line":18},"1":{"name":"(anonymous_1)","decl":{"start":{"line":29,"column":60},"end":{"line":29,"column":61}},"loc":{"start":{"line":29,"column":66},"end":{"line":36,"column":5}},"line":29},"2":{"name":"(anonymous_2)","decl":{"start":{"line":38,"column":58},"end":{"line":38,"column":59}},"loc":{"start":{"line":38,"column":64},"end":{"line":45,"column":5}},"line":38},"3":{"name":"(anonymous_3)","decl":{"start":{"line":46,"column":14},"end":{"line":46,"column":15}},"loc":{"start":{"line":46,"column":20},"end":{"line":48,"column":5}},"line":46},"4":{"name":"(anonymous_4)","decl":{"start":{"line":50,"column":14},"end":{"line":50,"column":15}},"loc":{"start":{"line":50,"column":20},"end":{"line":52,"column":5}},"line":50},"5":{"name":"(anonymous_5)","decl":{"start":{"line":54,"column":14},"end":{"line":54,"column":15}},"loc":{"start":{"line":54,"column":20},"end":{"line":56,"column":5}},"line":54},"6":{"name":"handleCastChange","decl":{"start":{"line":73,"column":13},"end":{"line":73,"column":29}},"loc":{"start":{"line":73,"column":70},"end":{"line":76,"column":5}},"line":73},"7":{"name":"handleGenreChange","decl":{"start":{"line":78,"column":13},"end":{"line":78,"column":30}},"loc":{"start":{"line":78,"column":71},"end":{"line":81,"column":5}},"line":78},"8":{"name":"handlePrevTitle","decl":{"start":{"line":83,"column":13},"end":{"line":83,"column":28}},"loc":{"start":{"line":83,"column":43},"end":{"line":85,"column":5}},"line":83},"9":{"name":"handleEditMovie","decl":{"start":{"line":120,"column":13},"end":{"line":120,"column":28}},"loc":{"start":{"line":120,"column":69},"end":{"line":138,"column":5}},"line":120},"10":{"name":"(anonymous_10)","decl":{"start":{"line":123,"column":12},"end":{"line":123,"column":13}},"loc":{"start":{"line":123,"column":39},"end":{"line":123,"column":64}},"line":123},"11":{"name":"(anonymous_11)","decl":{"start":{"line":140,"column":14},"end":{"line":140,"column":15}},"loc":{"start":{"line":140,"column":20},"end":{"line":155,"column":5}},"line":140},"12":{"name":"(anonymous_12)","decl":{"start":{"line":141,"column":42},"end":{"line":141,"column":43}},"loc":{"start":{"line":141,"column":70},"end":{"line":141,"column":74}},"line":141},"13":{"name":"(anonymous_13)","decl":{"start":{"line":144,"column":16},"end":{"line":144,"column":17}},"loc":{"start":{"line":144,"column":44},"end":{"line":144,"column":48}},"line":144},"14":{"name":"(anonymous_14)","decl":{"start":{"line":157,"column":14},"end":{"line":157,"column":15}},"loc":{"start":{"line":157,"column":20},"end":{"line":167,"column":5}},"line":157},"15":{"name":"(anonymous_15)","decl":{"start":{"line":169,"column":14},"end":{"line":169,"column":15}},"loc":{"start":{"line":169,"column":20},"end":{"line":181,"column":5}},"line":169},"16":{"name":"(anonymous_16)","decl":{"start":{"line":170,"column":42},"end":{"line":170,"column":43}},"loc":{"start":{"line":170,"column":70},"end":{"line":170,"column":74}},"line":170},"17":{"name":"(anonymous_17)","decl":{"start":{"line":173,"column":16},"end":{"line":173,"column":17}},"loc":{"start":{"line":173,"column":44},"end":{"line":173,"column":48}},"line":173},"18":{"name":"handleOnDrop","decl":{"start":{"line":183,"column":13},"end":{"line":183,"column":25}},"loc":{"start":{"line":183,"column":46},"end":{"line":200,"column":5}},"line":183},"19":{"name":"(anonymous_19)","decl":{"start":{"line":189,"column":12},"end":{"line":189,"column":13}},"loc":{"start":{"line":189,"column":39},"end":{"line":189,"column":71}},"line":189},"20":{"name":"handleMovieRemove","decl":{"start":{"line":202,"column":13},"end":{"line":202,"column":30}},"loc":{"start":{"line":202,"column":52},"end":{"line":214,"column":5}},"line":202},"21":{"name":"(anonymous_21)","decl":{"start":{"line":204,"column":36},"end":{"line":204,"column":37}},"loc":{"start":{"line":204,"column":52},"end":{"line":204,"column":78}},"line":204},"22":{"name":"(anonymous_22)","decl":{"start":{"line":210,"column":20},"end":{"line":210,"column":21}},"loc":{"start":{"line":210,"column":36},"end":{"line":210,"column":62}},"line":210},"23":{"name":"handleDragOver","decl":{"start":{"line":216,"column":13},"end":{"line":216,"column":27}},"loc":{"start":{"line":216,"column":48},"end":{"line":218,"column":5}},"line":216},"24":{"name":"handleMovieUpdate","decl":{"start":{"line":220,"column":13},"end":{"line":220,"column":30}},"loc":{"start":{"line":220,"column":52},"end":{"line":235,"column":5}},"line":220},"25":{"name":"(anonymous_25)","decl":{"start":{"line":223,"column":12},"end":{"line":223,"column":13}},"loc":{"start":{"line":223,"column":23},"end":{"line":223,"column":48}},"line":223},"26":{"name":"(anonymous_26)","decl":{"start":{"line":249,"column":33},"end":{"line":249,"column":34}},"loc":{"start":{"line":250,"column":20},"end":{"line":421,"column":26}},"line":250},"27":{"name":"(anonymous_27)","decl":{"start":{"line":287,"column":57},"end":{"line":287,"column":58}},"loc":{"start":{"line":288,"column":52},"end":{"line":290,"column":53}},"line":288},"28":{"name":"(anonymous_28)","decl":{"start":{"line":312,"column":43},"end":{"line":312,"column":44}},"loc":{"start":{"line":313,"column":32},"end":{"line":332,"column":40}},"line":313},"29":{"name":"(anonymous_29)","decl":{"start":{"line":321,"column":52},"end":{"line":321,"column":53}},"loc":{"start":{"line":322,"column":56},"end":{"line":322,"column":60}},"line":322},"30":{"name":"(anonymous_30)","decl":{"start":{"line":327,"column":53},"end":{"line":327,"column":54}},"loc":{"start":{"line":327,"column":59},"end":{"line":329,"column":45}},"line":327},"31":{"name":"(anonymous_31)","decl":{"start":{"line":343,"column":50},"end":{"line":343,"column":51}},"loc":{"start":{"line":344,"column":44},"end":{"line":344,"column":71}},"line":344},"32":{"name":"(anonymous_32)","decl":{"start":{"line":358,"column":50},"end":{"line":358,"column":51}},"loc":{"start":{"line":359,"column":44},"end":{"line":359,"column":71}},"line":359},"33":{"name":"(anonymous_33)","decl":{"start":{"line":373,"column":50},"end":{"line":373,"column":51}},"loc":{"start":{"line":374,"column":44},"end":{"line":374,"column":77}},"line":374},"34":{"name":"(anonymous_34)","decl":{"start":{"line":388,"column":50},"end":{"line":388,"column":51}},"loc":{"start":{"line":389,"column":44},"end":{"line":389,"column":80}},"line":389}},"branchMap":{"0":{"loc":{"start":{"line":31,"column":8},"end":{"line":35,"column":9}},"type":"if","locations":[{"start":{"line":31,"column":8},"end":{"line":35,"column":9}},{"start":{"line":33,"column":15},"end":{"line":35,"column":9}}],"line":31},"1":{"loc":{"start":{"line":40,"column":8},"end":{"line":44,"column":9}},"type":"if","locations":[{"start":{"line":40,"column":8},"end":{"line":44,"column":9}},{"start":{"line":42,"column":15},"end":{"line":44,"column":9}}],"line":40},"2":{"loc":{"start":{"line":130,"column":8},"end":{"line":137,"column":9}},"type":"if","locations":[{"start":{"line":130,"column":8},"end":{"line":137,"column":9}},{"start":{"line":134,"column":15},"end":{"line":137,"column":9}}],"line":130},"3":{"loc":{"start":{"line":142,"column":8},"end":{"line":154,"column":9}},"type":"if","locations":[{"start":{"line":142,"column":8},"end":{"line":154,"column":9}},{"start":{},"end":{}}],"line":142},"4":{"loc":{"start":{"line":155,"column":8},"end":{"line":155,"column":34}},"type":"binary-expr","locations":[{"start":{"line":155,"column":8},"end":{"line":155,"column":21}},{"start":{"line":155,"column":25},"end":{"line":155,"column":34}}],"line":155},"5":{"loc":{"start":{"line":171,"column":8},"end":{"line":180,"column":9}},"type":"if","locations":[{"start":{"line":171,"column":8},"end":{"line":180,"column":9}},{"start":{},"end":{}}],"line":171},"6":{"loc":{"start":{"line":192,"column":8},"end":{"line":199,"column":9}},"type":"if","locations":[{"start":{"line":192,"column":8},"end":{"line":199,"column":9}},{"start":{},"end":{}}],"line":192},"7":{"loc":{"start":{"line":227,"column":8},"end":{"line":234,"column":9}},"type":"if","locations":[{"start":{"line":227,"column":8},"end":{"line":234,"column":9}},{"start":{},"end":{}}],"line":227},"8":{"loc":{"start":{"line":313,"column":32},"end":{"line":332,"column":40}},"type":"cond-expr","locations":[{"start":{"line":314,"column":36},"end":{"line":331,"column":42}},{"start":{"line":332,"column":36},"end":{"line":332,"column":40}}],"line":313},"9":{"loc":{"start":{"line":320,"column":48},"end":{"line":323,"column":75}},"type":"binary-expr","locations":[{"start":{"line":320,"column":48},"end":{"line":323,"column":49}},{"start":{"line":323,"column":53},"end":{"line":323,"column":75}}],"line":320},"10":{"loc":{"start":{"line":336,"column":29},"end":{"line":348,"column":29}},"type":"binary-expr","locations":[{"start":{"line":336,"column":29},"end":{"line":336,"column":51}},{"start":{"line":337,"column":32},"end":{"line":347,"column":44}}],"line":336},"11":{"loc":{"start":{"line":351,"column":29},"end":{"line":363,"column":29}},"type":"binary-expr","locations":[{"start":{"line":351,"column":29},"end":{"line":351,"column":51}},{"start":{"line":352,"column":32},"end":{"line":362,"column":44}}],"line":351},"12":{"loc":{"start":{"line":366,"column":29},"end":{"line":378,"column":29}},"type":"binary-expr","locations":[{"start":{"line":366,"column":29},"end":{"line":366,"column":51}},{"start":{"line":367,"column":32},"end":{"line":377,"column":44}}],"line":366},"13":{"loc":{"start":{"line":381,"column":29},"end":{"line":393,"column":29}},"type":"binary-expr","locations":[{"start":{"line":381,"column":29},"end":{"line":381,"column":51}},{"start":{"line":382,"column":32},"end":{"line":392,"column":44}}],"line":381},"14":{"loc":{"start":{"line":396,"column":29},"end":{"line":406,"column":29}},"type":"binary-expr","locations":[{"start":{"line":396,"column":29},"end":{"line":396,"column":51}},{"start":{"line":397,"column":32},"end":{"line":405,"column":44}}],"line":396},"15":{"loc":{"start":{"line":409,"column":29},"end":{"line":419,"column":29}},"type":"binary-expr","locations":[{"start":{"line":409,"column":29},"end":{"line":409,"column":51}},{"start":{"line":410,"column":32},"end":{"line":418,"column":44}}],"line":409}},"s":{"0":1,"1":4,"2":4,"3":1,"4":1,"5":0,"6":1,"7":4,"8":1,"9":1,"10":0,"11":1,"12":4,"13":2,"14":4,"15":2,"16":4,"17":4,"18":4,"19":4,"20":4,"21":4,"22":4,"23":4,"24":4,"25":4,"26":0,"27":0,"28":0,"29":0,"30":0,"31":0,"32":0,"33":0,"34":0,"35":0,"36":0,"37":0,"38":0,"39":0,"40":0,"41":0,"42":0,"43":4,"44":4,"45":6,"46":4,"47":0,"48":0,"49":0,"50":0,"51":0,"52":0,"53":0,"54":0,"55":0,"56":0,"57":4,"58":1,"59":4,"60":2,"61":2,"62":2,"63":0,"64":0,"65":0,"66":1,"67":1,"68":1,"69":1,"70":1,"71":1,"72":1,"73":1,"74":1,"75":0,"76":0,"77":0,"78":0,"79":0,"80":0,"81":0,"82":0,"83":0,"84":0,"85":0,"86":0,"87":4,"88":6,"89":0,"90":10,"91":10,"92":0,"93":0,"94":0,"95":0,"96":0},"f":{"0":4,"1":1,"2":1,"3":2,"4":2,"5":4,"6":0,"7":0,"8":0,"9":0,"10":0,"11":4,"12":6,"13":0,"14":1,"15":2,"16":2,"17":0,"18":1,"19":1,"20":0,"21":0,"22":0,"23":0,"24":0,"25":0,"26":6,"27":0,"28":10,"29":10,"30":0,"31":0,"32":0,"33":0,"34":0},"b":{"0":[0,1],"1":[0,1],"2":[0,0],"3":[0,4],"4":[4,4],"5":[0,2],"6":[1,0],"7":[0,0],"8":[6,4],"9":[6,0],"10":[6,0],"11":[6,0],"12":[6,0],"13":[6,0],"14":[6,0],"15":[6,0]},"_coverageSchema":"1a1c01bbd47fc00a2c39e90264f33305004495a9","hash":"8303d9de8c714e3aa511fb5e23be2b3978472794"}
,"C:\\Users\\Meg\\Team-8-CISC275-Final-Project\\src\\components\\CentralList.tsx": {"path":"C:\\Users\\Meg\\Team-8-CISC275-Final-Project\\src\\components\\CentralList.tsx","statementMap":{"0":{"start":{"line":42,"column":4},"end":{"line":50,"column":6}},"1":{"start":{"line":58,"column":37},"end":{"line":462,"column":1}},"2":{"start":{"line":59,"column":32},"end":{"line":71,"column":5}},"3":{"start":{"line":61,"column":12},"end":{"line":69,"column":14}},"4":{"start":{"line":76,"column":4},"end":{"line":95,"column":11}},"5":{"start":{"line":77,"column":32},"end":{"line":77,"column":62}},"6":{"start":{"line":78,"column":8},"end":{"line":94,"column":9}},"7":{"start":{"line":79,"column":12},"end":{"line":79,"column":51}},"8":{"start":{"line":81,"column":12},"end":{"line":93,"column":14}},"9":{"start":{"line":83,"column":20},"end":{"line":91,"column":22}},"10":{"start":{"line":97,"column":4},"end":{"line":99,"column":17}},"11":{"start":{"line":98,"column":8},"end":{"line":98,"column":63}},"12":{"start":{"line":102,"column":8},"end":{"line":102,"column":73}},"13":{"start":{"line":105,"column":36},"end":{"line":105,"column":56}},"14":{"start":{"line":108,"column":8},"end":{"line":108,"column":29}},"15":{"start":{"line":109,"column":23},"end":{"line":111,"column":10}},"16":{"start":{"line":110,"column":12},"end":{"line":110,"column":46}},"17":{"start":{"line":112,"column":8},"end":{"line":112,"column":26}},"18":{"start":{"line":116,"column":8},"end":{"line":116,"column":72}},"19":{"start":{"line":116,"column":48},"end":{"line":116,"column":69}},"20":{"start":{"line":117,"column":8},"end":{"line":120,"column":10}},"21":{"start":{"line":119,"column":57},"end":{"line":119,"column":78}},"22":{"start":{"line":124,"column":8},"end":{"line":124,"column":39}},"23":{"start":{"line":125,"column":8},"end":{"line":125,"column":32}},"24":{"start":{"line":126,"column":55},"end":{"line":131,"column":9}},"25":{"start":{"line":132,"column":23},"end":{"line":135,"column":9}},"26":{"start":{"line":134,"column":16},"end":{"line":134,"column":79}},"27":{"start":{"line":136,"column":8},"end":{"line":136,"column":28}},"28":{"start":{"line":137,"column":8},"end":{"line":137,"column":26}},"29":{"start":{"line":141,"column":8},"end":{"line":156,"column":9}},"30":{"start":{"line":142,"column":12},"end":{"line":153,"column":14}},"31":{"start":{"line":146,"column":39},"end":{"line":146,"column":63}},"32":{"start":{"line":155,"column":12},"end":{"line":155,"column":22}},"33":{"start":{"line":160,"column":8},"end":{"line":175,"column":9}},"34":{"start":{"line":161,"column":12},"end":{"line":172,"column":14}},"35":{"start":{"line":165,"column":28},"end":{"line":168,"column":31}},"36":{"start":{"line":165,"column":54},"end":{"line":168,"column":29}},"37":{"start":{"line":174,"column":12},"end":{"line":174,"column":22}},"38":{"start":{"line":178,"column":30},"end":{"line":180,"column":5}},"39":{"start":{"line":179,"column":8},"end":{"line":179,"column":33}},"40":{"start":{"line":183,"column":8},"end":{"line":459,"column":9}},"41":{"start":{"line":184,"column":12},"end":{"line":440,"column":13}},"42":{"start":{"line":185,"column":16},"end":{"line":311,"column":18}},"43":{"start":{"line":218,"column":40},"end":{"line":305,"column":46}},"44":{"start":{"line":222,"column":52},"end":{"line":222,"column":74}},"45":{"start":{"line":313,"column":16},"end":{"line":439,"column":18}},"46":{"start":{"line":346,"column":40},"end":{"line":433,"column":46}},"47":{"start":{"line":350,"column":52},"end":{"line":350,"column":74}},"48":{"start":{"line":442,"column":12},"end":{"line":458,"column":13}},"49":{"start":{"line":443,"column":16},"end":{"line":448,"column":18}},"50":{"start":{"line":450,"column":16},"end":{"line":457,"column":18}},"51":{"start":{"line":461,"column":4},"end":{"line":461,"column":42}}},"fnMap":{"0":{"name":"makeNewMovie","decl":{"start":{"line":33,"column":16},"end":{"line":33,"column":28}},"loc":{"start":{"line":41,"column":9},"end":{"line":51,"column":1}},"line":41},"1":{"name":"(anonymous_1)","decl":{"start":{"line":58,"column":37},"end":{"line":58,"column":38}},"loc":{"start":{"line":58,"column":61},"end":{"line":462,"column":1}},"line":58},"2":{"name":"(anonymous_2)","decl":{"start":{"line":60,"column":22},"end":{"line":60,"column":23}},"loc":{"start":{"line":60,"column":33},"end":{"line":70,"column":9}},"line":60},"3":{"name":"(anonymous_3)","decl":{"start":{"line":76,"column":14},"end":{"line":76,"column":15}},"loc":{"start":{"line":76,"column":20},"end":{"line":95,"column":5}},"line":76},"4":{"name":"(anonymous_4)","decl":{"start":{"line":82,"column":30},"end":{"line":82,"column":31}},"loc":{"start":{"line":82,"column":41},"end":{"line":92,"column":17}},"line":82},"5":{"name":"(anonymous_5)","decl":{"start":{"line":97,"column":14},"end":{"line":97,"column":15}},"loc":{"start":{"line":97,"column":20},"end":{"line":99,"column":5}},"line":97},"6":{"name":"handleOnDrag","decl":{"start":{"line":101,"column":13},"end":{"line":101,"column":25}},"loc":{"start":{"line":101,"column":65},"end":{"line":103,"column":5}},"line":101},"7":{"name":"handleSortTitle","decl":{"start":{"line":107,"column":13},"end":{"line":107,"column":28}},"loc":{"start":{"line":107,"column":31},"end":{"line":113,"column":5}},"line":107},"8":{"name":"(anonymous_8)","decl":{"start":{"line":109,"column":40},"end":{"line":109,"column":41}},"loc":{"start":{"line":109,"column":50},"end":{"line":111,"column":9}},"line":109},"9":{"name":"removeMovie","decl":{"start":{"line":115,"column":13},"end":{"line":115,"column":24}},"loc":{"start":{"line":115,"column":46},"end":{"line":121,"column":5}},"line":115},"10":{"name":"(anonymous_10)","decl":{"start":{"line":116,"column":37},"end":{"line":116,"column":38}},"loc":{"start":{"line":116,"column":48},"end":{"line":116,"column":69}},"line":116},"11":{"name":"(anonymous_11)","decl":{"start":{"line":119,"column":46},"end":{"line":119,"column":47}},"loc":{"start":{"line":119,"column":57},"end":{"line":119,"column":78}},"line":119},"12":{"name":"handleSortMaturity","decl":{"start":{"line":123,"column":13},"end":{"line":123,"column":31}},"loc":{"start":{"line":123,"column":34},"end":{"line":138,"column":5}},"line":123},"13":{"name":"(anonymous_13)","decl":{"start":{"line":133,"column":12},"end":{"line":133,"column":13}},"loc":{"start":{"line":134,"column":16},"end":{"line":134,"column":79}},"line":134},"14":{"name":"handleRemoveMovie","decl":{"start":{"line":140,"column":13},"end":{"line":140,"column":30}},"loc":{"start":{"line":140,"column":57},"end":{"line":157,"column":5}},"line":140},"15":{"name":"(anonymous_15)","decl":{"start":{"line":146,"column":33},"end":{"line":146,"column":34}},"loc":{"start":{"line":146,"column":39},"end":{"line":146,"column":63}},"line":146},"16":{"name":"handleNewMovie","decl":{"start":{"line":159,"column":13},"end":{"line":159,"column":27}},"loc":{"start":{"line":159,"column":40},"end":{"line":176,"column":5}},"line":159},"17":{"name":"(anonymous_17)","decl":{"start":{"line":164,"column":34},"end":{"line":164,"column":35}},"loc":{"start":{"line":164,"column":67},"end":{"line":169,"column":25}},"line":164},"18":{"name":"(anonymous_18)","decl":{"start":{"line":165,"column":38},"end":{"line":165,"column":39}},"loc":{"start":{"line":165,"column":54},"end":{"line":168,"column":29}},"line":165},"19":{"name":"(anonymous_19)","decl":{"start":{"line":178,"column":30},"end":{"line":178,"column":31}},"loc":{"start":{"line":178,"column":58},"end":{"line":180,"column":5}},"line":178},"20":{"name":"handleWhichUser","decl":{"start":{"line":182,"column":13},"end":{"line":182,"column":28}},"loc":{"start":{"line":182,"column":31},"end":{"line":460,"column":5}},"line":182},"21":{"name":"(anonymous_21)","decl":{"start":{"line":217,"column":48},"end":{"line":217,"column":49}},"loc":{"start":{"line":218,"column":40},"end":{"line":305,"column":46}},"line":218},"22":{"name":"(anonymous_22)","decl":{"start":{"line":221,"column":61},"end":{"line":221,"column":62}},"loc":{"start":{"line":222,"column":52},"end":{"line":222,"column":74}},"line":222},"23":{"name":"(anonymous_23)","decl":{"start":{"line":345,"column":48},"end":{"line":345,"column":49}},"loc":{"start":{"line":346,"column":40},"end":{"line":433,"column":46}},"line":346},"24":{"name":"(anonymous_24)","decl":{"start":{"line":349,"column":61},"end":{"line":349,"column":62}},"loc":{"start":{"line":350,"column":52},"end":{"line":350,"column":74}},"line":350}},"branchMap":{"0":{"loc":{"start":{"line":78,"column":8},"end":{"line":94,"column":9}},"type":"if","locations":[{"start":{"line":78,"column":8},"end":{"line":94,"column":9}},{"start":{"line":80,"column":15},"end":{"line":94,"column":9}}],"line":78},"1":{"loc":{"start":{"line":110,"column":19},"end":{"line":110,"column":45}},"type":"cond-expr","locations":[{"start":{"line":110,"column":39},"end":{"line":110,"column":40}},{"start":{"line":110,"column":43},"end":{"line":110,"column":45}}],"line":110},"2":{"loc":{"start":{"line":141,"column":8},"end":{"line":156,"column":9}},"type":"if","locations":[{"start":{"line":141,"column":8},"end":{"line":156,"column":9}},{"start":{"line":154,"column":15},"end":{"line":156,"column":9}}],"line":141},"3":{"loc":{"start":{"line":160,"column":8},"end":{"line":175,"column":9}},"type":"if","locations":[{"start":{"line":160,"column":8},"end":{"line":175,"column":9}},{"start":{"line":173,"column":15},"end":{"line":175,"column":9}}],"line":160},"4":{"loc":{"start":{"line":183,"column":8},"end":{"line":459,"column":9}},"type":"if","locations":[{"start":{"line":183,"column":8},"end":{"line":459,"column":9}},{"start":{"line":441,"column":15},"end":{"line":459,"column":9}}],"line":183},"5":{"loc":{"start":{"line":184,"column":12},"end":{"line":440,"column":13}},"type":"if","locations":[{"start":{"line":184,"column":12},"end":{"line":440,"column":13}},{"start":{"line":312,"column":19},"end":{"line":440,"column":13}}],"line":184},"6":{"loc":{"start":{"line":197,"column":37},"end":{"line":203,"column":37}},"type":"cond-expr","locations":[{"start":{"line":198,"column":40},"end":{"line":200,"column":46}},{"start":{"line":202,"column":40},"end":{"line":202,"column":72}}],"line":197},"7":{"loc":{"start":{"line":325,"column":37},"end":{"line":331,"column":37}},"type":"cond-expr","locations":[{"start":{"line":326,"column":40},"end":{"line":328,"column":46}},{"start":{"line":330,"column":40},"end":{"line":330,"column":72}}],"line":325},"8":{"loc":{"start":{"line":442,"column":12},"end":{"line":458,"column":13}},"type":"if","locations":[{"start":{"line":442,"column":12},"end":{"line":458,"column":13}},{"start":{"line":449,"column":19},"end":{"line":458,"column":13}}],"line":442}},"s":{"0":0,"1":0,"2":0,"3":0,"4":0,"5":0,"6":0,"7":0,"8":0,"9":0,"10":0,"11":0,"12":0,"13":0,"14":0,"15":0,"16":0,"17":0,"18":0,"19":0,"20":0,"21":0,"22":0,"23":0,"24":0,"25":0,"26":0,"27":0,"28":0,"29":0,"30":0,"31":0,"32":0,"33":0,"34":0,"35":0,"36":0,"37":0,"38":0,"39":0,"40":0,"41":0,"42":0,"43":0,"44":0,"45":0,"46":0,"47":0,"48":0,"49":0,"50":0,"51":0},"f":{"0":0,"1":0,"2":0,"3":0,"4":0,"5":0,"6":0,"7":0,"8":0,"9":0,"10":0,"11":0,"12":0,"13":0,"14":0,"15":0,"16":0,"17":0,"18":0,"19":0,"20":0,"21":0,"22":0,"23":0,"24":0},"b":{"0":[0,0],"1":[0,0],"2":[0,0],"3":[0,0],"4":[0,0],"5":[0,0],"6":[0,0],"7":[0,0],"8":[0,0]}}
,"C:\\Users\\Meg\\Team-8-CISC275-Final-Project\\src\\components\\ChooseRole.tsx": {"path":"C:\\Users\\Meg\\Team-8-CISC275-Final-Project\\src\\components\\ChooseRole.tsx","statementMap":{"0":{"start":{"line":23,"column":36},"end":{"line":331,"column":1}},"1":{"start":{"line":28,"column":8},"end":{"line":28,"column":23}},"2":{"start":{"line":29,"column":30},"end":{"line":37,"column":5}},"3":{"start":{"line":31,"column":12},"end":{"line":35,"column":14}},"4":{"start":{"line":38,"column":42},"end":{"line":38,"column":66}},"5":{"start":{"line":39,"column":46},"end":{"line":39,"column":70}},"6":{"start":{"line":41,"column":4},"end":{"line":41,"column":37}},"7":{"start":{"line":43,"column":4},"end":{"line":56,"column":23}},"8":{"start":{"line":44,"column":28},"end":{"line":44,"column":57}},"9":{"start":{"line":45,"column":8},"end":{"line":55,"column":9}},"10":{"start":{"line":46,"column":12},"end":{"line":46,"column":46}},"11":{"start":{"line":48,"column":12},"end":{"line":54,"column":14}},"12":{"start":{"line":49,"column":44},"end":{"line":53,"column":17}},"13":{"start":{"line":58,"column":4},"end":{"line":60,"column":16}},"14":{"start":{"line":59,"column":8},"end":{"line":59,"column":61}},"15":{"start":{"line":63,"column":8},"end":{"line":63,"column":29}},"16":{"start":{"line":67,"column":8},"end":{"line":67,"column":66}},"17":{"start":{"line":67,"column":45},"end":{"line":67,"column":63}},"18":{"start":{"line":68,"column":8},"end":{"line":71,"column":10}},"19":{"start":{"line":70,"column":55},"end":{"line":70,"column":73}},"20":{"start":{"line":75,"column":8},"end":{"line":87,"column":9}},"21":{"start":{"line":76,"column":12},"end":{"line":86,"column":14}},"22":{"start":{"line":79,"column":24},"end":{"line":79,"column":73}},"23":{"start":{"line":79,"column":48},"end":{"line":79,"column":71}},"24":{"start":{"line":80,"column":24},"end":{"line":83,"column":26}},"25":{"start":{"line":91,"column":8},"end":{"line":91,"column":41}},"26":{"start":{"line":95,"column":8},"end":{"line":111,"column":9}},"27":{"start":{"line":96,"column":12},"end":{"line":96,"column":22}},"28":{"start":{"line":98,"column":12},"end":{"line":110,"column":14}},"29":{"start":{"line":104,"column":43},"end":{"line":104,"column":64}},"30":{"start":{"line":115,"column":8},"end":{"line":231,"column":9}},"31":{"start":{"line":116,"column":12},"end":{"line":125,"column":14}},"32":{"start":{"line":126,"column":15},"end":{"line":231,"column":9}},"33":{"start":{"line":127,"column":12},"end":{"line":136,"column":14}},"34":{"start":{"line":137,"column":15},"end":{"line":231,"column":9}},"35":{"start":{"line":138,"column":12},"end":{"line":199,"column":14}},"36":{"start":{"line":151,"column":40},"end":{"line":154,"column":43}},"37":{"start":{"line":151,"column":64},"end":{"line":154,"column":41}},"38":{"start":{"line":155,"column":40},"end":{"line":158,"column":42}},"39":{"start":{"line":164,"column":51},"end":{"line":164,"column":65}},"40":{"start":{"line":172,"column":36},"end":{"line":187,"column":42}},"41":{"start":{"line":200,"column":15},"end":{"line":231,"column":9}},"42":{"start":{"line":201,"column":12},"end":{"line":228,"column":14}},"43":{"start":{"line":206,"column":28},"end":{"line":224,"column":34}},"44":{"start":{"line":215,"column":59},"end":{"line":215,"column":78}},"45":{"start":{"line":230,"column":12},"end":{"line":230,"column":28}},"46":{"start":{"line":235,"column":8},"end":{"line":239,"column":9}},"47":{"start":{"line":236,"column":12},"end":{"line":236,"column":31}},"48":{"start":{"line":238,"column":12},"end":{"line":238,"column":28}},"49":{"start":{"line":243,"column":8},"end":{"line":243,"column":25}},"50":{"start":{"line":246,"column":4},"end":{"line":330,"column":6}},"51":{"start":{"line":272,"column":44},"end":{"line":304,"column":50}},"52":{"start":{"line":286,"column":64},"end":{"line":288,"column":65}},"53":{"start":{"line":314,"column":47},"end":{"line":314,"column":70}},"54":{"start":{"line":333,"column":32},"end":{"line":333,"column":46}}},"fnMap":{"0":{"name":"(anonymous_0)","decl":{"start":{"line":23,"column":36},"end":{"line":23,"column":37}},"loc":{"start":{"line":23,"column":42},"end":{"line":331,"column":1}},"line":23},"1":{"name":"(anonymous_1)","decl":{"start":{"line":30,"column":25},"end":{"line":30,"column":26}},"loc":{"start":{"line":30,"column":35},"end":{"line":36,"column":9}},"line":30},"2":{"name":"(anonymous_2)","decl":{"start":{"line":43,"column":14},"end":{"line":43,"column":15}},"loc":{"start":{"line":43,"column":20},"end":{"line":56,"column":5}},"line":43},"3":{"name":"(anonymous_3)","decl":{"start":{"line":49,"column":33},"end":{"line":49,"column":34}},"loc":{"start":{"line":49,"column":44},"end":{"line":53,"column":17}},"line":49},"4":{"name":"(anonymous_4)","decl":{"start":{"line":58,"column":14},"end":{"line":58,"column":15}},"loc":{"start":{"line":58,"column":20},"end":{"line":60,"column":5}},"line":58},"5":{"name":"handleSetUser","decl":{"start":{"line":62,"column":13},"end":{"line":62,"column":26}},"loc":{"start":{"line":62,"column":39},"end":{"line":64,"column":5}},"line":62},"6":{"name":"removeUser","decl":{"start":{"line":66,"column":13},"end":{"line":66,"column":23}},"loc":{"start":{"line":66,"column":44},"end":{"line":72,"column":5}},"line":66},"7":{"name":"(anonymous_7)","decl":{"start":{"line":67,"column":35},"end":{"line":67,"column":36}},"loc":{"start":{"line":67,"column":45},"end":{"line":67,"column":63}},"line":67},"8":{"name":"(anonymous_8)","decl":{"start":{"line":70,"column":45},"end":{"line":70,"column":46}},"loc":{"start":{"line":70,"column":55},"end":{"line":70,"column":73}},"line":70},"9":{"name":"handleNewUser","decl":{"start":{"line":74,"column":13},"end":{"line":74,"column":26}},"loc":{"start":{"line":74,"column":29},"end":{"line":88,"column":5}},"line":74},"10":{"name":"(anonymous_10)","decl":{"start":{"line":78,"column":30},"end":{"line":78,"column":31}},"loc":{"start":{"line":78,"column":61},"end":{"line":84,"column":21}},"line":78},"11":{"name":"(anonymous_11)","decl":{"start":{"line":79,"column":33},"end":{"line":79,"column":34}},"loc":{"start":{"line":79,"column":48},"end":{"line":79,"column":71}},"line":79},"12":{"name":"viewUserList","decl":{"start":{"line":90,"column":13},"end":{"line":90,"column":25}},"loc":{"start":{"line":90,"column":28},"end":{"line":92,"column":5}},"line":90},"13":{"name":"handleRemoveViewUser","decl":{"start":{"line":94,"column":13},"end":{"line":94,"column":33}},"loc":{"start":{"line":94,"column":46},"end":{"line":112,"column":5}},"line":94},"14":{"name":"(anonymous_14)","decl":{"start":{"line":104,"column":37},"end":{"line":104,"column":38}},"loc":{"start":{"line":104,"column":43},"end":{"line":104,"column":64}},"line":104},"15":{"name":"handleUserType","decl":{"start":{"line":114,"column":13},"end":{"line":114,"column":27}},"loc":{"start":{"line":114,"column":40},"end":{"line":232,"column":5}},"line":114},"16":{"name":"(anonymous_16)","decl":{"start":{"line":150,"column":46},"end":{"line":150,"column":47}},"loc":{"start":{"line":150,"column":77},"end":{"line":159,"column":37}},"line":150},"17":{"name":"(anonymous_17)","decl":{"start":{"line":151,"column":49},"end":{"line":151,"column":50}},"loc":{"start":{"line":151,"column":64},"end":{"line":154,"column":41}},"line":151},"18":{"name":"(anonymous_18)","decl":{"start":{"line":164,"column":45},"end":{"line":164,"column":46}},"loc":{"start":{"line":164,"column":51},"end":{"line":164,"column":65}},"line":164},"19":{"name":"(anonymous_19)","decl":{"start":{"line":171,"column":52},"end":{"line":171,"column":53}},"loc":{"start":{"line":172,"column":36},"end":{"line":187,"column":42}},"line":172},"20":{"name":"(anonymous_20)","decl":{"start":{"line":205,"column":44},"end":{"line":205,"column":45}},"loc":{"start":{"line":206,"column":28},"end":{"line":224,"column":34}},"line":206},"21":{"name":"(anonymous_21)","decl":{"start":{"line":215,"column":53},"end":{"line":215,"column":54}},"loc":{"start":{"line":215,"column":59},"end":{"line":215,"column":78}},"line":215},"22":{"name":"setBadgeColor","decl":{"start":{"line":234,"column":13},"end":{"line":234,"column":26}},"loc":{"start":{"line":234,"column":47},"end":{"line":240,"column":5}},"line":234},"23":{"name":"handleToolTip","decl":{"start":{"line":242,"column":13},"end":{"line":242,"column":26}},"loc":{"start":{"line":242,"column":47},"end":{"line":244,"column":5}},"line":242},"24":{"name":"(anonymous_24)","decl":{"start":{"line":271,"column":60},"end":{"line":271,"column":61}},"loc":{"start":{"line":272,"column":44},"end":{"line":304,"column":50}},"line":272},"25":{"name":"(anonymous_25)","decl":{"start":{"line":285,"column":69},"end":{"line":285,"column":70}},"loc":{"start":{"line":286,"column":64},"end":{"line":288,"column":65}},"line":286},"26":{"name":"(anonymous_26)","decl":{"start":{"line":314,"column":41},"end":{"line":314,"column":42}},"loc":{"start":{"line":314,"column":47},"end":{"line":314,"column":70}},"line":314}},"branchMap":{"0":{"loc":{"start":{"line":45,"column":8},"end":{"line":55,"column":9}},"type":"if","locations":[{"start":{"line":45,"column":8},"end":{"line":55,"column":9}},{"start":{"line":47,"column":15},"end":{"line":55,"column":9}}],"line":45},"1":{"loc":{"start":{"line":75,"column":8},"end":{"line":87,"column":9}},"type":"if","locations":[{"start":{"line":75,"column":8},"end":{"line":87,"column":9}},{"start":{},"end":{}}],"line":75},"2":{"loc":{"start":{"line":95,"column":8},"end":{"line":111,"column":9}},"type":"if","locations":[{"start":{"line":95,"column":8},"end":{"line":111,"column":9}},{"start":{"line":97,"column":15},"end":{"line":111,"column":9}}],"line":95},"3":{"loc":{"start":{"line":115,"column":8},"end":{"line":231,"column":9}},"type":"if","locations":[{"start":{"line":115,"column":8},"end":{"line":231,"column":9}},{"start":{"line":126,"column":15},"end":{"line":231,"column":9}}],"line":115},"4":{"loc":{"start":{"line":126,"column":15},"end":{"line":231,"column":9}},"type":"if","locations":[{"start":{"line":126,"column":15},"end":{"line":231,"column":9}},{"start":{"line":137,"column":15},"end":{"line":231,"column":9}}],"line":126},"5":{"loc":{"start":{"line":137,"column":15},"end":{"line":231,"column":9}},"type":"if","locations":[{"start":{"line":137,"column":15},"end":{"line":231,"column":9}},{"start":{"line":200,"column":15},"end":{"line":231,"column":9}}],"line":137},"6":{"loc":{"start":{"line":179,"column":49},"end":{"line":184,"column":49}},"type":"binary-expr","locations":[{"start":{"line":179,"column":49},"end":{"line":179,"column":62}},{"start":{"line":180,"column":52},"end":{"line":183,"column":67}}],"line":179},"7":{"loc":{"start":{"line":200,"column":15},"end":{"line":231,"column":9}},"type":"if","locations":[{"start":{"line":200,"column":15},"end":{"line":231,"column":9}},{"start":{"line":229,"column":15},"end":{"line":231,"column":9}}],"line":200},"8":{"loc":{"start":{"line":235,"column":8},"end":{"line":239,"column":9}},"type":"if","locations":[{"start":{"line":235,"column":8},"end":{"line":239,"column":9}},{"start":{"line":237,"column":15},"end":{"line":239,"column":9}}],"line":235}},"s":{"0":0,"1":0,"2":0,"3":0,"4":0,"5":0,"6":0,"7":0,"8":0,"9":0,"10":0,"11":0,"12":0,"13":0,"14":0,"15":0,"16":0,"17":0,"18":0,"19":0,"20":0,"21":0,"22":0,"23":0,"24":0,"25":0,"26":0,"27":0,"28":0,"29":0,"30":0,"31":0,"32":0,"33":0,"34":0,"35":0,"36":0,"37":0,"38":0,"39":0,"40":0,"41":0,"42":0,"43":0,"44":0,"45":0,"46":0,"47":0,"48":0,"49":0,"50":0,"51":0,"52":0,"53":0,"54":0},"f":{"0":0,"1":0,"2":0,"3":0,"4":0,"5":0,"6":0,"7":0,"8":0,"9":0,"10":0,"11":0,"12":0,"13":0,"14":0,"15":0,"16":0,"17":0,"18":0,"19":0,"20":0,"21":0,"22":0,"23":0,"24":0,"25":0,"26":0},"b":{"0":[0,0],"1":[0,0],"2":[0,0],"3":[0,0],"4":[0,0],"5":[0,0],"6":[0,0],"7":[0,0],"8":[0,0]}}
,"C:\\Users\\Meg\\Team-8-CISC275-Final-Project\\src\\components\\NewMovieButton.tsx": {"path":"C:\\Users\\Meg\\Team-8-CISC275-Final-Project\\src\\components\\NewMovieButton.tsx","statementMap":{"0":{"start":{"line":32,"column":52},"end":{"line":402,"column":1}},"1":{"start":{"line":37,"column":8},"end":{"line":37,"column":23}},"2":{"start":{"line":42,"column":8},"end":{"line":42,"column":23}},"3":{"start":{"line":44,"column":19},"end":{"line":44,"column":33}},"4":{"start":{"line":45,"column":33},"end":{"line":45,"column":45}},"5":{"start":{"line":46,"column":30},"end":{"line":46,"column":42}},"6":{"start":{"line":47,"column":42},"end":{"line":47,"column":54}},"7":{"start":{"line":48,"column":49},"end":{"line":48,"column":61}},"8":{"start":{"line":49,"column":28},"end":{"line":49,"column":50}},"9":{"start":{"line":50,"column":31},"end":{"line":50,"column":53}},"10":{"start":{"line":51,"column":41},"end":{"line":51,"column":52}},"11":{"start":{"line":53,"column":29},"end":{"line":56,"column":5}},"12":{"start":{"line":54,"column":25},"end":{"line":54,"column":54}},"13":{"start":{"line":55,"column":8},"end":{"line":55,"column":26}},"14":{"start":{"line":58,"column":30},"end":{"line":68,"column":5}},"15":{"start":{"line":59,"column":35},"end":{"line":59,"column":47}},"16":{"start":{"line":61,"column":8},"end":{"line":67,"column":9}},"17":{"start":{"line":62,"column":12},"end":{"line":62,"column":62}},"18":{"start":{"line":62,"column":38},"end":{"line":62,"column":60}},"19":{"start":{"line":64,"column":12},"end":{"line":66,"column":14}},"20":{"start":{"line":65,"column":16},"end":{"line":65,"column":61}},"21":{"start":{"line":65,"column":45},"end":{"line":65,"column":60}},"22":{"start":{"line":70,"column":25},"end":{"line":89,"column":5}},"23":{"start":{"line":71,"column":8},"end":{"line":71,"column":31}},"24":{"start":{"line":72,"column":32},"end":{"line":80,"column":9}},"25":{"start":{"line":81,"column":8},"end":{"line":81,"column":27}},"26":{"start":{"line":82,"column":8},"end":{"line":82,"column":21}},"27":{"start":{"line":83,"column":8},"end":{"line":83,"column":24}},"28":{"start":{"line":84,"column":8},"end":{"line":84,"column":27}},"29":{"start":{"line":85,"column":8},"end":{"line":85,"column":30}},"30":{"start":{"line":86,"column":8},"end":{"line":86,"column":20}},"31":{"start":{"line":87,"column":8},"end":{"line":87,"column":22}},"32":{"start":{"line":88,"column":8},"end":{"line":88,"column":25}},"33":{"start":{"line":93,"column":22},"end":{"line":93,"column":36}},"34":{"start":{"line":94,"column":8},"end":{"line":94,"column":24}},"35":{"start":{"line":98,"column":20},"end":{"line":98,"column":34}},"36":{"start":{"line":99,"column":8},"end":{"line":99,"column":25}},"37":{"start":{"line":103,"column":21},"end":{"line":103,"column":35}},"38":{"start":{"line":104,"column":8},"end":{"line":104,"column":29}},"39":{"start":{"line":107,"column":18},"end":{"line":107,"column":28}},"40":{"start":{"line":109,"column":4},"end":{"line":401,"column":6}},"41":{"start":{"line":177,"column":44},"end":{"line":177,"column":77}},"42":{"start":{"line":384,"column":36},"end":{"line":391,"column":38}}},"fnMap":{"0":{"name":"(anonymous_0)","decl":{"start":{"line":32,"column":52},"end":{"line":32,"column":53}},"loc":{"start":{"line":32,"column":70},"end":{"line":402,"column":1}},"line":32},"1":{"name":"(anonymous_1)","decl":{"start":{"line":53,"column":29},"end":{"line":53,"column":30}},"loc":{"start":{"line":53,"column":77},"end":{"line":56,"column":5}},"line":53},"2":{"name":"(anonymous_2)","decl":{"start":{"line":58,"column":30},"end":{"line":58,"column":31}},"loc":{"start":{"line":58,"column":78},"end":{"line":68,"column":5}},"line":58},"3":{"name":"(anonymous_3)","decl":{"start":{"line":62,"column":22},"end":{"line":62,"column":23}},"loc":{"start":{"line":62,"column":38},"end":{"line":62,"column":60}},"line":62},"4":{"name":"(anonymous_4)","decl":{"start":{"line":64,"column":22},"end":{"line":64,"column":23}},"loc":{"start":{"line":65,"column":16},"end":{"line":65,"column":61}},"line":65},"5":{"name":"(anonymous_5)","decl":{"start":{"line":65,"column":34},"end":{"line":65,"column":35}},"loc":{"start":{"line":65,"column":45},"end":{"line":65,"column":60}},"line":65},"6":{"name":"(anonymous_6)","decl":{"start":{"line":70,"column":25},"end":{"line":70,"column":26}},"loc":{"start":{"line":70,"column":70},"end":{"line":89,"column":5}},"line":70},"7":{"name":"handleMovieTitle","decl":{"start":{"line":92,"column":13},"end":{"line":92,"column":29}},"loc":{"start":{"line":92,"column":70},"end":{"line":95,"column":5}},"line":92},"8":{"name":"handleMovieImage","decl":{"start":{"line":97,"column":13},"end":{"line":97,"column":29}},"loc":{"start":{"line":97,"column":70},"end":{"line":100,"column":5}},"line":97},"9":{"name":"handleDescription","decl":{"start":{"line":102,"column":13},"end":{"line":102,"column":30}},"loc":{"start":{"line":102,"column":71},"end":{"line":105,"column":5}},"line":102},"10":{"name":"(anonymous_10)","decl":{"start":{"line":176,"column":50},"end":{"line":176,"column":51}},"loc":{"start":{"line":177,"column":44},"end":{"line":177,"column":77}},"line":177},"11":{"name":"(anonymous_11)","decl":{"start":{"line":383,"column":41},"end":{"line":383,"column":42}},"loc":{"start":{"line":384,"column":36},"end":{"line":391,"column":38}},"line":384}},"branchMap":{"0":{"loc":{"start":{"line":61,"column":8},"end":{"line":67,"column":9}},"type":"if","locations":[{"start":{"line":61,"column":8},"end":{"line":67,"column":9}},{"start":{"line":63,"column":15},"end":{"line":67,"column":9}}],"line":61}},"s":{"0":0,"1":0,"2":0,"3":0,"4":0,"5":0,"6":0,"7":0,"8":0,"9":0,"10":0,"11":0,"12":0,"13":0,"14":0,"15":0,"16":0,"17":0,"18":0,"19":0,"20":0,"21":0,"22":0,"23":0,"24":0,"25":0,"26":0,"27":0,"28":0,"29":0,"30":0,"31":0,"32":0,"33":0,"34":0,"35":0,"36":0,"37":0,"38":0,"39":0,"40":0,"41":0,"42":0},"f":{"0":0,"1":0,"2":0,"3":0,"4":0,"5":0,"6":0,"7":0,"8":0,"9":0,"10":0,"11":0},"b":{"0":[0,0]}}
,"C:\\Users\\Meg\\Team-8-CISC275-Final-Project\\src\\components\\NewUserButton.tsx": {"path":"C:\\Users\\Meg\\Team-8-CISC275-Final-Project\\src\\components\\NewUserButton.tsx","statementMap":{"0":{"start":{"line":22,"column":46},"end":{"line":136,"column":1}},"1":{"start":{"line":23,"column":40},"end":{"line":23,"column":55}},"2":{"start":{"line":24,"column":19},"end":{"line":24,"column":33}},"3":{"start":{"line":25,"column":28},"end":{"line":25,"column":48}},"4":{"start":{"line":26,"column":28},"end":{"line":26,"column":52}},"5":{"start":{"line":27,"column":42},"end":{"line":27,"column":67}},"6":{"start":{"line":29,"column":25},"end":{"line":40,"column":5}},"7":{"start":{"line":30,"column":8},"end":{"line":30,"column":31}},"8":{"start":{"line":31,"column":30},"end":{"line":35,"column":9}},"9":{"start":{"line":36,"column":8},"end":{"line":36,"column":26}},"10":{"start":{"line":37,"column":8},"end":{"line":37,"column":20}},"11":{"start":{"line":38,"column":8},"end":{"line":38,"column":25}},"12":{"start":{"line":39,"column":8},"end":{"line":39,"column":20}},"13":{"start":{"line":44,"column":25},"end":{"line":44,"column":39}},"14":{"start":{"line":45,"column":8},"end":{"line":45,"column":26}},"15":{"start":{"line":48,"column":18},"end":{"line":48,"column":28}},"16":{"start":{"line":50,"column":4},"end":{"line":135,"column":6}},"17":{"start":{"line":98,"column":44},"end":{"line":98,"column":67}},"18":{"start":{"line":118,"column":36},"end":{"line":125,"column":38}}},"fnMap":{"0":{"name":"(anonymous_0)","decl":{"start":{"line":22,"column":46},"end":{"line":22,"column":47}},"loc":{"start":{"line":22,"column":64},"end":{"line":136,"column":1}},"line":22},"1":{"name":"(anonymous_1)","decl":{"start":{"line":29,"column":25},"end":{"line":29,"column":26}},"loc":{"start":{"line":29,"column":70},"end":{"line":40,"column":5}},"line":29},"2":{"name":"handleNewUser","decl":{"start":{"line":43,"column":13},"end":{"line":43,"column":26}},"loc":{"start":{"line":43,"column":67},"end":{"line":46,"column":5}},"line":43},"3":{"name":"(anonymous_3)","decl":{"start":{"line":97,"column":50},"end":{"line":97,"column":51}},"loc":{"start":{"line":98,"column":44},"end":{"line":98,"column":67}},"line":98},"4":{"name":"(anonymous_4)","decl":{"start":{"line":117,"column":41},"end":{"line":117,"column":42}},"loc":{"start":{"line":118,"column":36},"end":{"line":125,"column":38}},"line":118}},"branchMap":{},"s":{"0":0,"1":0,"2":0,"3":0,"4":0,"5":0,"6":0,"7":0,"8":0,"9":0,"10":0,"11":0,"12":0,"13":0,"14":0,"15":0,"16":0,"17":0,"18":0},"f":{"0":0,"1":0,"2":0,"3":0,"4":0},"b":{}}
,"C:\\Users\\Meg\\Team-8-CISC275-Final-Project\\src\\components\\UserList.tsx": {"path":"C:\\Users\\Meg\\Team-8-CISC275-Final-Project\\src\\components\\UserList.tsx","statementMap":{"0":{"start":{"line":34,"column":34},"end":{"line":319,"column":1}},"1":{"start":{"line":35,"column":40},"end":{"line":35,"column":65}},"2":{"start":{"line":36,"column":48},"end":{"line":36,"column":73}},"3":{"start":{"line":38,"column":4},"end":{"line":45,"column":15}},"4":{"start":{"line":39,"column":29},"end":{"line":39,"column":79}},"5":{"start":{"line":40,"column":8},"end":{"line":44,"column":9}},"6":{"start":{"line":41,"column":12},"end":{"line":41,"column":52}},"7":{"start":{"line":43,"column":12},"end":{"line":43,"column":46}},"8":{"start":{"line":47,"column":4},"end":{"line":52,"column":27}},"9":{"start":{"line":48,"column":8},"end":{"line":51,"column":10}},"10":{"start":{"line":55,"column":4},"end":{"line":64,"column":43}},"11":{"start":{"line":56,"column":31},"end":{"line":58,"column":9}},"12":{"start":{"line":57,"column":12},"end":{"line":57,"column":78}},"13":{"start":{"line":57,"column":46},"end":{"line":57,"column":77}},"14":{"start":{"line":59,"column":8},"end":{"line":59,"column":42}},"15":{"start":{"line":60,"column":8},"end":{"line":63,"column":10}},"16":{"start":{"line":67,"column":27},"end":{"line":69,"column":18}},"17":{"start":{"line":70,"column":8},"end":{"line":70,"column":46}},"18":{"start":{"line":71,"column":36},"end":{"line":71,"column":76}},"19":{"start":{"line":72,"column":8},"end":{"line":72,"column":49}},"20":{"start":{"line":73,"column":8},"end":{"line":76,"column":10}},"21":{"start":{"line":80,"column":8},"end":{"line":80,"column":27}},"22":{"start":{"line":83,"column":31},"end":{"line":96,"column":5}},"23":{"start":{"line":84,"column":8},"end":{"line":91,"column":11}},"24":{"start":{"line":85,"column":34},"end":{"line":85,"column":49}},"25":{"start":{"line":86,"column":12},"end":{"line":89,"column":14}},"26":{"start":{"line":90,"column":12},"end":{"line":90,"column":33}},"27":{"start":{"line":92,"column":8},"end":{"line":95,"column":10}},"28":{"start":{"line":99,"column":8},"end":{"line":101,"column":10}},"29":{"start":{"line":100,"column":50},"end":{"line":100,"column":69}},"30":{"start":{"line":102,"column":8},"end":{"line":107,"column":10}},"31":{"start":{"line":105,"column":54},"end":{"line":105,"column":73}},"32":{"start":{"line":110,"column":36},"end":{"line":110,"column":56}},"33":{"start":{"line":113,"column":8},"end":{"line":113,"column":29}},"34":{"start":{"line":114,"column":23},"end":{"line":116,"column":10}},"35":{"start":{"line":115,"column":12},"end":{"line":115,"column":46}},"36":{"start":{"line":117,"column":8},"end":{"line":117,"column":30}},"37":{"start":{"line":118,"column":8},"end":{"line":121,"column":10}},"38":{"start":{"line":125,"column":8},"end":{"line":125,"column":39}},"39":{"start":{"line":126,"column":8},"end":{"line":126,"column":32}},"40":{"start":{"line":127,"column":55},"end":{"line":132,"column":9}},"41":{"start":{"line":133,"column":23},"end":{"line":136,"column":9}},"42":{"start":{"line":135,"column":16},"end":{"line":135,"column":79}},"43":{"start":{"line":137,"column":8},"end":{"line":137,"column":28}},"44":{"start":{"line":138,"column":8},"end":{"line":138,"column":30}},"45":{"start":{"line":139,"column":8},"end":{"line":142,"column":10}},"46":{"start":{"line":146,"column":8},"end":{"line":146,"column":30}},"47":{"start":{"line":147,"column":23},"end":{"line":149,"column":10}},"48":{"start":{"line":148,"column":12},"end":{"line":148,"column":58}},"49":{"start":{"line":150,"column":8},"end":{"line":150,"column":30}},"50":{"start":{"line":151,"column":8},"end":{"line":154,"column":10}},"51":{"start":{"line":158,"column":8},"end":{"line":316,"column":9}},"52":{"start":{"line":159,"column":12},"end":{"line":313,"column":14}},"53":{"start":{"line":198,"column":28},"end":{"line":309,"column":34}},"54":{"start":{"line":248,"column":64},"end":{"line":255,"column":65}},"55":{"start":{"line":268,"column":68},"end":{"line":275,"column":75}},"56":{"start":{"line":283,"column":64},"end":{"line":285,"column":65}},"57":{"start":{"line":315,"column":12},"end":{"line":315,"column":54}},"58":{"start":{"line":318,"column":4},"end":{"line":318,"column":41}}},"fnMap":{"0":{"name":"(anonymous_0)","decl":{"start":{"line":34,"column":34},"end":{"line":34,"column":35}},"loc":{"start":{"line":34,"column":60},"end":{"line":319,"column":1}},"line":34},"1":{"name":"(anonymous_1)","decl":{"start":{"line":38,"column":14},"end":{"line":38,"column":15}},"loc":{"start":{"line":38,"column":20},"end":{"line":45,"column":5}},"line":38},"2":{"name":"(anonymous_2)","decl":{"start":{"line":47,"column":14},"end":{"line":47,"column":15}},"loc":{"start":{"line":47,"column":20},"end":{"line":52,"column":5}},"line":47},"3":{"name":"(anonymous_3)","decl":{"start":{"line":55,"column":14},"end":{"line":55,"column":15}},"loc":{"start":{"line":55,"column":20},"end":{"line":64,"column":5}},"line":55},"4":{"name":"(anonymous_4)","decl":{"start":{"line":56,"column":49},"end":{"line":56,"column":50}},"loc":{"start":{"line":57,"column":12},"end":{"line":57,"column":78}},"line":57},"5":{"name":"(anonymous_5)","decl":{"start":{"line":57,"column":28},"end":{"line":57,"column":29}},"loc":{"start":{"line":57,"column":46},"end":{"line":57,"column":77}},"line":57},"6":{"name":"handleOnDrop","decl":{"start":{"line":66,"column":13},"end":{"line":66,"column":25}},"loc":{"start":{"line":66,"column":46},"end":{"line":77,"column":5}},"line":66},"7":{"name":"handleDragOver","decl":{"start":{"line":79,"column":13},"end":{"line":79,"column":27}},"loc":{"start":{"line":79,"column":48},"end":{"line":81,"column":5}},"line":79},"8":{"name":"(anonymous_8)","decl":{"start":{"line":83,"column":31},"end":{"line":83,"column":32}},"loc":{"start":{"line":83,"column":71},"end":{"line":96,"column":5}},"line":83},"9":{"name":"(anonymous_9)","decl":{"start":{"line":84,"column":22},"end":{"line":84,"column":23}},"loc":{"start":{"line":84,"column":38},"end":{"line":91,"column":9}},"line":84},"10":{"name":"removeMovie","decl":{"start":{"line":98,"column":13},"end":{"line":98,"column":24}},"loc":{"start":{"line":98,"column":43},"end":{"line":108,"column":5}},"line":98},"11":{"name":"(anonymous_11)","decl":{"start":{"line":100,"column":35},"end":{"line":100,"column":36}},"loc":{"start":{"line":100,"column":50},"end":{"line":100,"column":69}},"line":100},"12":{"name":"(anonymous_12)","decl":{"start":{"line":105,"column":39},"end":{"line":105,"column":40}},"loc":{"start":{"line":105,"column":54},"end":{"line":105,"column":73}},"line":105},"13":{"name":"handleSortTitle","decl":{"start":{"line":112,"column":13},"end":{"line":112,"column":28}},"loc":{"start":{"line":112,"column":31},"end":{"line":122,"column":5}},"line":112},"14":{"name":"(anonymous_14)","decl":{"start":{"line":114,"column":44},"end":{"line":114,"column":45}},"loc":{"start":{"line":114,"column":54},"end":{"line":116,"column":9}},"line":114},"15":{"name":"handleSortMaturity","decl":{"start":{"line":124,"column":13},"end":{"line":124,"column":31}},"loc":{"start":{"line":124,"column":34},"end":{"line":143,"column":5}},"line":124},"16":{"name":"(anonymous_16)","decl":{"start":{"line":134,"column":12},"end":{"line":134,"column":13}},"loc":{"start":{"line":135,"column":16},"end":{"line":135,"column":79}},"line":135},"17":{"name":"handleSortRating","decl":{"start":{"line":145,"column":13},"end":{"line":145,"column":29}},"loc":{"start":{"line":145,"column":32},"end":{"line":155,"column":5}},"line":145},"18":{"name":"(anonymous_18)","decl":{"start":{"line":147,"column":44},"end":{"line":147,"column":45}},"loc":{"start":{"line":147,"column":54},"end":{"line":149,"column":9}},"line":147},"19":{"name":"handleUserType","decl":{"start":{"line":157,"column":13},"end":{"line":157,"column":27}},"loc":{"start":{"line":157,"column":30},"end":{"line":317,"column":5}},"line":157},"20":{"name":"(anonymous_20)","decl":{"start":{"line":197,"column":44},"end":{"line":197,"column":45}},"loc":{"start":{"line":198,"column":28},"end":{"line":309,"column":34}},"line":198},"21":{"name":"(anonymous_21)","decl":{"start":{"line":247,"column":70},"end":{"line":247,"column":71}},"loc":{"start":{"line":248,"column":64},"end":{"line":255,"column":65}},"line":248},"22":{"name":"(anonymous_22)","decl":{"start":{"line":264,"column":64},"end":{"line":264,"column":65}},"loc":{"start":{"line":268,"column":68},"end":{"line":275,"column":75}},"line":268},"23":{"name":"(anonymous_23)","decl":{"start":{"line":282,"column":69},"end":{"line":282,"column":70}},"loc":{"start":{"line":283,"column":64},"end":{"line":285,"column":65}},"line":283}},"branchMap":{"0":{"loc":{"start":{"line":40,"column":8},"end":{"line":44,"column":9}},"type":"if","locations":[{"start":{"line":40,"column":8},"end":{"line":44,"column":9}},{"start":{"line":42,"column":15},"end":{"line":44,"column":9}}],"line":40},"1":{"loc":{"start":{"line":115,"column":19},"end":{"line":115,"column":45}},"type":"cond-expr","locations":[{"start":{"line":115,"column":39},"end":{"line":115,"column":40}},{"start":{"line":115,"column":43},"end":{"line":115,"column":45}}],"line":115},"2":{"loc":{"start":{"line":148,"column":19},"end":{"line":148,"column":57}},"type":"cond-expr","locations":[{"start":{"line":148,"column":51},"end":{"line":148,"column":52}},{"start":{"line":148,"column":55},"end":{"line":148,"column":57}}],"line":148},"3":{"loc":{"start":{"line":158,"column":8},"end":{"line":316,"column":9}},"type":"if","locations":[{"start":{"line":158,"column":8},"end":{"line":316,"column":9}},{"start":{"line":314,"column":15},"end":{"line":316,"column":9}}],"line":158},"4":{"loc":{"start":{"line":169,"column":29},"end":{"line":175,"column":29}},"type":"cond-expr","locations":[{"start":{"line":170,"column":32},"end":{"line":172,"column":38}},{"start":{"line":174,"column":32},"end":{"line":174,"column":64}}],"line":169}},"s":{"0":0,"1":0,"2":0,"3":0,"4":0,"5":0,"6":0,"7":0,"8":0,"9":0,"10":0,"11":0,"12":0,"13":0,"14":0,"15":0,"16":0,"17":0,"18":0,"19":0,"20":0,"21":0,"22":0,"23":0,"24":0,"25":0,"26":0,"27":0,"28":0,"29":0,"30":0,"31":0,"32":0,"33":0,"34":0,"35":0,"36":0,"37":0,"38":0,"39":0,"40":0,"41":0,"42":0,"43":0,"44":0,"45":0,"46":0,"47":0,"48":0,"49":0,"50":0,"51":0,"52":0,"53":0,"54":0,"55":0,"56":0,"57":0,"58":0},"f":{"0":0,"1":0,"2":0,"3":0,"4":0,"5":0,"6":0,"7":0,"8":0,"9":0,"10":0,"11":0,"12":0,"13":0,"14":0,"15":0,"16":0,"17":0,"18":0,"19":0,"20":0,"21":0,"22":0,"23":0},"b":{"0":[0,0],"1":[0,0],"2":[0,0],"3":[0,0],"4":[0,0]}}
,"C:\\Users\\Meg\\Team-8-CISC275-Final-Project\\src\\components\\Users.tsx": {"path":"C:\\Users\\Meg\\Team-8-CISC275-Final-Project\\src\\components\\Users.tsx","statementMap":{"0":{"start":{"line":7,"column":28},"end":{"line":7,"column":48}},"1":{"start":{"line":10,"column":8},"end":{"line":10,"column":36}},"2":{"start":{"line":13,"column":4},"end":{"line":27,"column":6}},"3":{"start":{"line":19,"column":24},"end":{"line":21,"column":33}}},"fnMap":{"0":{"name":"UserName","decl":{"start":{"line":6,"column":16},"end":{"line":6,"column":24}},"loc":{"start":{"line":6,"column":70},"end":{"line":28,"column":1}},"line":6},"1":{"name":"updateName","decl":{"start":{"line":9,"column":13},"end":{"line":9,"column":23}},"loc":{"start":{"line":9,"column":69},"end":{"line":11,"column":5}},"line":9},"2":{"name":"(anonymous_2)","decl":{"start":{"line":18,"column":31},"end":{"line":18,"column":32}},"loc":{"start":{"line":19,"column":24},"end":{"line":21,"column":33}},"line":19}},"branchMap":{},"s":{"0":0,"1":0,"2":0,"3":0},"f":{"0":0,"1":0,"2":0},"b":{}}
,"C:\\Users\\Meg\\Team-8-CISC275-Final-Project\\src\\interfaces\\movie.ts": {"path":"C:\\Users\\Meg\\Team-8-CISC275-Final-Project\\src\\interfaces\\movie.ts","statementMap":{},"fnMap":{},"branchMap":{},"s":{},"f":{},"b":{}}
,"C:\\Users\\Meg\\Team-8-CISC275-Final-Project\\src\\interfaces\\play.ts": {"path":"C:\\Users\\Meg\\Team-8-CISC275-Final-Project\\src\\interfaces\\play.ts","statementMap":{},"fnMap":{},"branchMap":{},"s":{},"f":{},"b":{}}
,"C:\\Users\\Meg\\Team-8-CISC275-Final-Project\\src\\interfaces\\user.ts": {"path":"C:\\Users\\Meg\\Team-8-CISC275-Final-Project\\src\\interfaces\\user.ts","statementMap":{},"fnMap":{},"branchMap":{},"s":{},"f":{},"b":{}}
,"C:\\Users\\Meg\\Team-8-CISC275-Final-Project\\src\\interfaces\\userMovie.ts": {"path":"C:\\Users\\Meg\\Team-8-CISC275-Final-Project\\src\\interfaces\\userMovie.ts","statementMap":{},"fnMap":{},"branchMap":{},"s":{},"f":{},"b":{}}
}
