TN:
SF:src\App.tsx
FN:11,App
FNF:1
FNH:0
FNDA:0,App
DA:14,0
LF:1
LH:0
BRF:0
BRH:0
end_of_record
TN:
SF:src\components\AdminList.tsx
FN:18,(anonymous_0)
FN:29,(anonymous_1)
FN:38,(anonymous_2)
FN:46,(anonymous_3)
FN:50,(anonymous_4)
FN:54,(anonymous_5)
FN:73,handleCastChange
FN:78,handleGenreChange
FN:83,handlePrevTitle
FN:120,handleEditMovie
FN:123,(anonymous_10)
FN:140,(anonymous_11)
FN:141,(anonymous_12)
FN:144,(anonymous_13)
FN:157,(anonymous_14)
FN:169,(anonymous_15)
FN:170,(anonymous_16)
FN:173,(anonymous_17)
FN:183,handleOnDrop
FN:189,(anonymous_19)
FN:202,handleMovieRemove
FN:204,(anonymous_21)
FN:210,(anonymous_22)
FN:216,handleDragOver
FN:220,handleMovieUpdate
FN:223,(anonymous_25)
FN:249,(anonymous_26)
FN:287,(anonymous_27)
FN:312,(anonymous_28)
FN:321,(anonymous_29)
FN:327,(anonymous_30)
FN:343,(anonymous_31)
FN:358,(anonymous_32)
FN:373,(anonymous_33)
FN:388,(anonymous_34)
FNF:35
FNH:16
FNDA:4,(anonymous_0)
FNDA:1,(anonymous_1)
FNDA:1,(anonymous_2)
FNDA:2,(anonymous_3)
FNDA:2,(anonymous_4)
FNDA:4,(anonymous_5)
FNDA:0,handleCastChange
FNDA:0,handleGenreChange
FNDA:0,handlePrevTitle
FNDA:0,handleEditMovie
FNDA:0,(anonymous_10)
FNDA:4,(anonymous_11)
FNDA:6,(anonymous_12)
FNDA:0,(anonymous_13)
FNDA:1,(anonymous_14)
FNDA:2,(anonymous_15)
FNDA:2,(anonymous_16)
FNDA:0,(anonymous_17)
FNDA:1,handleOnDrop
FNDA:1,(anonymous_19)
FNDA:0,handleMovieRemove
FNDA:0,(anonymous_21)
FNDA:0,(anonymous_22)
FNDA:0,handleDragOver
FNDA:0,handleMovieUpdate
FNDA:0,(anonymous_25)
FNDA:6,(anonymous_26)
FNDA:0,(anonymous_27)
FNDA:10,(anonymous_28)
FNDA:10,(anonymous_29)
FNDA:0,(anonymous_30)
FNDA:0,(anonymous_31)
FNDA:0,(anonymous_32)
FNDA:0,(anonymous_33)
FNDA:0,(anonymous_34)
DA:18,1
DA:19,4
DA:29,4
DA:30,1
DA:31,1
DA:32,0
DA:34,1
DA:38,4
DA:39,1
DA:40,1
DA:41,0
DA:43,1
DA:46,4
DA:47,2
DA:50,4
DA:51,2
DA:54,4
DA:55,4
DA:60,4
DA:61,4
DA:62,4
DA:63,4
DA:64,4
DA:67,4
DA:70,4
DA:71,4
DA:74,0
DA:75,0
DA:79,0
DA:80,0
DA:84,0
DA:121,0
DA:122,0
DA:123,0
DA:126,0
DA:127,0
DA:128,0
DA:130,0
DA:131,0
DA:132,0
DA:133,0
DA:135,0
DA:136,0
DA:140,4
DA:141,6
DA:142,4
DA:143,0
DA:144,0
DA:146,0
DA:147,0
DA:148,0
DA:149,0
DA:150,0
DA:151,0
DA:152,0
DA:153,0
DA:157,4
DA:158,1
DA:169,4
DA:170,2
DA:171,2
DA:172,0
DA:173,0
DA:175,0
DA:184,1
DA:187,1
DA:188,1
DA:189,1
DA:191,1
DA:192,1
DA:193,1
DA:194,1
DA:195,1
DA:203,0
DA:204,0
DA:206,0
DA:210,0
DA:217,0
DA:222,0
DA:223,0
DA:225,0
DA:227,0
DA:229,0
DA:230,0
DA:233,0
DA:237,4
DA:250,6
DA:288,0
DA:313,10
DA:322,10
DA:328,0
DA:344,0
DA:359,0
DA:374,0
DA:389,0
LF:95
LH:45
BRDA:31,0,0,0
BRDA:31,0,1,1
BRDA:40,1,0,0
BRDA:40,1,1,1
BRDA:130,2,0,0
BRDA:130,2,1,0
BRDA:142,3,0,0
BRDA:142,3,1,4
BRDA:155,4,0,4
BRDA:155,4,1,4
BRDA:171,5,0,0
BRDA:171,5,1,2
BRDA:192,6,0,1
BRDA:192,6,1,0
BRDA:227,7,0,0
BRDA:227,7,1,0
BRDA:313,8,0,6
BRDA:313,8,1,4
BRDA:320,9,0,6
BRDA:320,9,1,0
BRDA:336,10,0,6
BRDA:336,10,1,0
BRDA:351,11,0,6
BRDA:351,11,1,0
BRDA:366,12,0,6
BRDA:366,12,1,0
BRDA:381,13,0,6
BRDA:381,13,1,0
BRDA:396,14,0,6
BRDA:396,14,1,0
BRDA:409,15,0,6
BRDA:409,15,1,0
BRF:32
BRH:16
end_of_record
TN:
SF:src\components\CentralList.tsx
FN:33,makeNewMovie
FN:58,(anonymous_1)
FN:60,(anonymous_2)
FN:76,(anonymous_3)
FN:82,(anonymous_4)
FN:97,(anonymous_5)
FN:101,handleOnDrag
FN:107,handleSortTitle
FN:109,(anonymous_8)
FN:115,removeMovie
FN:116,(anonymous_10)
FN:119,(anonymous_11)
FN:123,handleSortMaturity
FN:133,(anonymous_13)
FN:140,handleRemoveMovie
FN:146,(anonymous_15)
FN:159,handleNewMovie
FN:164,(anonymous_17)
FN:165,(anonymous_18)
FN:178,(anonymous_19)
FN:182,handleWhichUser
FN:217,(anonymous_21)
FN:221,(anonymous_22)
FN:345,(anonymous_23)
FN:349,(anonymous_24)
FNF:25
FNH:0
FNDA:0,makeNewMovie
FNDA:0,(anonymous_1)
FNDA:0,(anonymous_2)
FNDA:0,(anonymous_3)
FNDA:0,(anonymous_4)
FNDA:0,(anonymous_5)
FNDA:0,handleOnDrag
FNDA:0,handleSortTitle
FNDA:0,(anonymous_8)
FNDA:0,removeMovie
FNDA:0,(anonymous_10)
FNDA:0,(anonymous_11)
FNDA:0,handleSortMaturity
FNDA:0,(anonymous_13)
FNDA:0,handleRemoveMovie
FNDA:0,(anonymous_15)
FNDA:0,handleNewMovie
FNDA:0,(anonymous_17)
FNDA:0,(anonymous_18)
FNDA:0,(anonymous_19)
FNDA:0,handleWhichUser
FNDA:0,(anonymous_21)
FNDA:0,(anonymous_22)
FNDA:0,(anonymous_23)
FNDA:0,(anonymous_24)
DA:42,0
DA:58,0
DA:59,0
DA:61,0
DA:76,0
DA:77,0
DA:78,0
DA:79,0
DA:81,0
DA:83,0
DA:97,0
DA:98,0
DA:102,0
DA:105,0
DA:108,0
DA:109,0
DA:110,0
DA:112,0
DA:116,0
DA:117,0
DA:119,0
DA:124,0
DA:125,0
DA:126,0
DA:132,0
DA:134,0
DA:136,0
DA:137,0
DA:141,0
DA:142,0
DA:146,0
DA:155,0
DA:160,0
DA:161,0
DA:165,0
DA:174,0
DA:178,0
DA:179,0
DA:183,0
DA:184,0
DA:185,0
DA:218,0
DA:222,0
DA:313,0
DA:346,0
DA:350,0
DA:442,0
DA:443,0
DA:450,0
DA:461,0
LF:50
LH:0
BRDA:78,0,0,0
BRDA:78,0,1,0
BRDA:110,1,0,0
BRDA:110,1,1,0
BRDA:141,2,0,0
BRDA:141,2,1,0
BRDA:160,3,0,0
BRDA:160,3,1,0
BRDA:183,4,0,0
BRDA:183,4,1,0
BRDA:184,5,0,0
BRDA:184,5,1,0
BRDA:197,6,0,0
BRDA:197,6,1,0
BRDA:325,7,0,0
BRDA:325,7,1,0
BRDA:442,8,0,0
BRDA:442,8,1,0
BRF:18
BRH:0
end_of_record
TN:
SF:src\components\ChooseRole.tsx
FN:23,(anonymous_0)
FN:30,(anonymous_1)
FN:43,(anonymous_2)
FN:49,(anonymous_3)
FN:58,(anonymous_4)
FN:62,handleSetUser
FN:66,removeUser
FN:67,(anonymous_7)
FN:70,(anonymous_8)
FN:74,handleNewUser
FN:78,(anonymous_10)
FN:79,(anonymous_11)
FN:90,viewUserList
FN:94,handleRemoveViewUser
FN:104,(anonymous_14)
FN:114,handleUserType
FN:150,(anonymous_16)
FN:151,(anonymous_17)
FN:164,(anonymous_18)
FN:171,(anonymous_19)
FN:205,(anonymous_20)
FN:215,(anonymous_21)
FN:234,setBadgeColor
FN:242,handleToolTip
FN:271,(anonymous_24)
FN:285,(anonymous_25)
FN:314,(anonymous_26)
FNF:27
FNH:0
FNDA:0,(anonymous_0)
FNDA:0,(anonymous_1)
FNDA:0,(anonymous_2)
FNDA:0,(anonymous_3)
FNDA:0,(anonymous_4)
FNDA:0,handleSetUser
FNDA:0,removeUser
FNDA:0,(anonymous_7)
FNDA:0,(anonymous_8)
FNDA:0,handleNewUser
FNDA:0,(anonymous_10)
FNDA:0,(anonymous_11)
FNDA:0,viewUserList
FNDA:0,handleRemoveViewUser
FNDA:0,(anonymous_14)
FNDA:0,handleUserType
FNDA:0,(anonymous_16)
FNDA:0,(anonymous_17)
FNDA:0,(anonymous_18)
FNDA:0,(anonymous_19)
FNDA:0,(anonymous_20)
FNDA:0,(anonymous_21)
FNDA:0,setBadgeColor
FNDA:0,handleToolTip
FNDA:0,(anonymous_24)
FNDA:0,(anonymous_25)
FNDA:0,(anonymous_26)
DA:23,0
DA:28,0
DA:29,0
DA:31,0
DA:38,0
DA:39,0
DA:41,0
DA:43,0
DA:44,0
DA:45,0
DA:46,0
DA:48,0
DA:49,0
DA:58,0
DA:59,0
DA:63,0
DA:67,0
DA:68,0
DA:70,0
DA:75,0
DA:76,0
DA:79,0
DA:80,0
DA:91,0
DA:95,0
DA:96,0
DA:98,0
DA:104,0
DA:115,0
DA:116,0
DA:126,0
DA:127,0
DA:137,0
DA:138,0
DA:151,0
DA:155,0
DA:164,0
DA:172,0
DA:200,0
DA:201,0
DA:206,0
DA:215,0
DA:230,0
DA:235,0
DA:236,0
DA:238,0
DA:243,0
DA:246,0
DA:272,0
DA:286,0
DA:314,0
DA:333,0
LF:52
LH:0
BRDA:45,0,0,0
BRDA:45,0,1,0
BRDA:75,1,0,0
BRDA:75,1,1,0
BRDA:95,2,0,0
BRDA:95,2,1,0
BRDA:115,3,0,0
BRDA:115,3,1,0
BRDA:126,4,0,0
BRDA:126,4,1,0
BRDA:137,5,0,0
BRDA:137,5,1,0
BRDA:179,6,0,0
BRDA:179,6,1,0
BRDA:200,7,0,0
BRDA:200,7,1,0
BRDA:235,8,0,0
BRDA:235,8,1,0
BRF:18
BRH:0
end_of_record
TN:
SF:src\components\NewMovieButton.tsx
FN:32,(anonymous_0)
FN:53,(anonymous_1)
FN:58,(anonymous_2)
FN:62,(anonymous_3)
FN:64,(anonymous_4)
FN:65,(anonymous_5)
FN:70,(anonymous_6)
FN:92,handleMovieTitle
FN:97,handleMovieImage
FN:102,handleDescription
FN:176,(anonymous_10)
FN:383,(anonymous_11)
FNF:12
FNH:0
FNDA:0,(anonymous_0)
FNDA:0,(anonymous_1)
FNDA:0,(anonymous_2)
FNDA:0,(anonymous_3)
FNDA:0,(anonymous_4)
FNDA:0,(anonymous_5)
FNDA:0,(anonymous_6)
FNDA:0,handleMovieTitle
FNDA:0,handleMovieImage
FNDA:0,handleDescription
FNDA:0,(anonymous_10)
FNDA:0,(anonymous_11)
DA:32,0
DA:37,0
DA:42,0
DA:44,0
DA:45,0
DA:46,0
DA:47,0
DA:48,0
DA:49,0
DA:50,0
DA:51,0
DA:53,0
DA:54,0
DA:55,0
DA:58,0
DA:59,0
DA:61,0
DA:62,0
DA:64,0
DA:65,0
DA:70,0
DA:71,0
DA:72,0
DA:81,0
DA:82,0
DA:83,0
DA:84,0
DA:85,0
DA:86,0
DA:87,0
DA:88,0
DA:93,0
DA:94,0
DA:98,0
DA:99,0
DA:103,0
DA:104,0
DA:107,0
DA:109,0
DA:177,0
DA:384,0
LF:41
LH:0
BRDA:61,0,0,0
BRDA:61,0,1,0
BRF:2
BRH:0
end_of_record
TN:
SF:src\components\NewUserButton.tsx
FN:22,(anonymous_0)
FN:29,(anonymous_1)
FN:43,handleNewUser
FN:97,(anonymous_3)
FN:117,(anonymous_4)
FNF:5
FNH:0
FNDA:0,(anonymous_0)
FNDA:0,(anonymous_1)
FNDA:0,handleNewUser
FNDA:0,(anonymous_3)
FNDA:0,(anonymous_4)
DA:22,0
DA:23,0
DA:24,0
DA:25,0
DA:26,0
DA:27,0
DA:29,0
DA:30,0
DA:31,0
DA:36,0
DA:37,0
DA:38,0
DA:39,0
DA:44,0
DA:45,0
DA:48,0
DA:50,0
DA:98,0
DA:118,0
LF:19
LH:0
BRF:0
BRH:0
end_of_record
TN:
SF:src\components\UserList.tsx
FN:34,(anonymous_0)
FN:38,(anonymous_1)
FN:47,(anonymous_2)
FN:55,(anonymous_3)
FN:56,(anonymous_4)
FN:57,(anonymous_5)
FN:66,handleOnDrop
FN:79,handleDragOver
FN:83,(anonymous_8)
FN:84,(anonymous_9)
FN:98,removeMovie
FN:100,(anonymous_11)
FN:105,(anonymous_12)
FN:112,handleSortTitle
FN:114,(anonymous_14)
FN:124,handleSortMaturity
FN:134,(anonymous_16)
FN:145,handleSortRating
FN:147,(anonymous_18)
FN:157,handleUserType
FN:197,(anonymous_20)
FN:247,(anonymous_21)
FN:264,(anonymous_22)
FN:282,(anonymous_23)
FNF:24
FNH:0
FNDA:0,(anonymous_0)
FNDA:0,(anonymous_1)
FNDA:0,(anonymous_2)
FNDA:0,(anonymous_3)
FNDA:0,(anonymous_4)
FNDA:0,(anonymous_5)
FNDA:0,handleOnDrop
FNDA:0,handleDragOver
FNDA:0,(anonymous_8)
FNDA:0,(anonymous_9)
FNDA:0,removeMovie
FNDA:0,(anonymous_11)
FNDA:0,(anonymous_12)
FNDA:0,handleSortTitle
FNDA:0,(anonymous_14)
FNDA:0,handleSortMaturity
FNDA:0,(anonymous_16)
FNDA:0,handleSortRating
FNDA:0,(anonymous_18)
FNDA:0,handleUserType
FNDA:0,(anonymous_20)
FNDA:0,(anonymous_21)
FNDA:0,(anonymous_22)
FNDA:0,(anonymous_23)
DA:34,0
DA:35,0
DA:36,0
DA:38,0
DA:39,0
DA:40,0
DA:41,0
DA:43,0
DA:47,0
DA:48,0
DA:55,0
DA:56,0
DA:57,0
DA:59,0
DA:60,0
DA:67,0
DA:70,0
DA:71,0
DA:72,0
DA:73,0
DA:80,0
DA:83,0
DA:84,0
DA:85,0
DA:86,0
DA:90,0
DA:92,0
DA:99,0
DA:100,0
DA:102,0
DA:105,0
DA:110,0
DA:113,0
DA:114,0
DA:115,0
DA:117,0
DA:118,0
DA:125,0
DA:126,0
DA:127,0
DA:133,0
DA:135,0
DA:137,0
DA:138,0
DA:139,0
DA:146,0
DA:147,0
DA:148,0
DA:150,0
DA:151,0
DA:158,0
DA:159,0
DA:198,0
DA:248,0
DA:268,0
DA:283,0
DA:315,0
DA:318,0
LF:58
LH:0
BRDA:40,0,0,0
BRDA:40,0,1,0
BRDA:115,1,0,0
BRDA:115,1,1,0
BRDA:148,2,0,0
BRDA:148,2,1,0
BRDA:158,3,0,0
BRDA:158,3,1,0
BRDA:169,4,0,0
BRDA:169,4,1,0
BRF:10
BRH:0
end_of_record
TN:
SF:src\components\Users.tsx
FN:6,UserName
FN:9,updateName
FN:18,(anonymous_2)
FNF:3
FNH:0
FNDA:0,UserName
FNDA:0,updateName
FNDA:0,(anonymous_2)
DA:7,0
DA:10,0
DA:13,0
DA:19,0
LF:4
LH:0
BRF:0
BRH:0
end_of_record
TN:
SF:src\interfaces\movie.ts
FNF:0
FNH:0
LF:0
LH:0
BRF:0
BRH:0
end_of_record
TN:
SF:src\interfaces\play.ts
FNF:0
FNH:0
LF:0
LH:0
BRF:0
BRH:0
end_of_record
TN:
SF:src\interfaces\user.ts
FNF:0
FNH:0
LF:0
LH:0
BRF:0
BRH:0
end_of_record
TN:
SF:src\interfaces\userMovie.ts
FNF:0
FNH:0
LF:0
LH:0
BRF:0
BRH:0
end_of_record
